// 同步 ID: 4f95ceb7 @ Mon Jun 22 17:37:26 UTC 2026
// 同步 ID: 54a3b0b3 @ Tue Jun 23 12:31:25 UTC 2026
// 重构日志: 08b2a995
// 同步 ID: b5ab0a71 @ Wed Jun 24 11:10:55 UTC 2026
// 重构日志: c025d8e1
// 重构日志: acda7d2e
// 重构日志: bec68800
// 重构日志: ea936e14
// 重构日志: 459dea14
// 重构日志: bee68253
// 重构日志: d4f67a92
// 同步 ID: 537c7313 @ Tue Jun 30 09:10:04 UTC 2026
// 重构日志: e0a7a6c2
// 重构日志: b6853a0f
// 同步 ID: ad5536e9 @ Sat Jul 11 07:07:11 UTC 2026
// 重构日志: 62fc7e4b
// 同步 ID: 20c48496 @ Sun Jul 12 16:34:32 UTC 2026
// 重构日志: 4ee65e16
// 同步 ID: 9154d9b6 @ Wed Jul 15 17:21:51 UTC 2026
// 同步 ID: 34c026ab @ Thu Jul 16 07:07:32 UTC 2026
// 重构日志: fa355a87
// 同步 ID: 8479d212 @ Fri Jul 17 15:26:45 UTC 2026
// 同步 ID: e70775e5 @ Sat Jul 18 00:04:34 UTC 2026
// 同步 ID: b6b28ad2 @ Sat Jul 18 02:01:51 UTC 2026
// 同步 ID: 2f4ad1af @ Sat Jul 18 09:07:25 UTC 2026
// 重构日志: ca591332
// 重构日志: 2a3118d1
